# JRE version: OpenJDK Runtime Environment (21.0.9) (build 21.0.9+-14649483-b1163.86)
# Java VM: OpenJDK 64-Bit Server VM (21.0.9+-14649483-b1163.86, mixed mode, tiered, compressed oops, compressed class ptrs, g1 gc, windows-amd64)
GC Precious Log:
 CardTable entry size: 512
 Card Set container configuration: InlinePtr #cards 5 size 8 Array Of Cards #cards 12 size 40 Howl #buckets 4 coarsen threshold 1843 Howl Bitmap #cards 512 size 80 coarsen threshold 460 Card regions per heap region 1 cards per card region 2048
 CPUs: 16 total, 16 available
 Memory: 7597M
 Large Page Support: Disabled
 NUMA Support: Disabled
 Compressed Oops: Enabled (32-bit)
 Heap Region Size: 1M
 Heap Min Capacity: 8M
 Heap Initial Capacity: 120M
 Heap Max Capacity: 2G
 Pre-touch: Disabled
 Parallel Workers: 13
 Concurrent Workers: 3
 Concurrent Refinement Workers: 13
 Periodic GC: Disabled
Heap:
 garbage-first heap   total 124928K, used 69692K [0x0000000080000000, 0x0000000100000000)
  region size 1024K, 2 young (2048K), 2 survivors (2048K)
 Metaspace       used 63949K, committed 65472K, reserved 1114112K
  class space    used 9007K, committed 9728K, reserved 1048576K
GC Heap History (20 events):
Event: 33.540 GC heap after
{Heap after GC invocations=12 (full 0):
 garbage-first heap   total 77824K, used 30824K [0x0000000080000000, 0x0000000100000000)
  region size 1024K, 5 young (5120K), 5 survivors (5120K)
 Metaspace       used 46402K, committed 47680K, reserved 1114112K
  class space    used 6425K, committed 7040K, reserved 1048576K
}
Event: 36.625 GC heap before
{Heap before GC invocations=12 (full 0):
 garbage-first heap   total 77824K, used 68712K [0x0000000080000000, 0x0000000100000000)
  region size 1024K, 42 young (43008K), 5 survivors (5120K)
 Metaspace       used 51342K, committed 52672K, reserved 1114112K
  class space    used 7098K, committed 7744K, reserved 1048576K
}
Event: 36.638 GC heap after
{Heap after GC invocations=13 (full 0):
 garbage-first heap   total 78848K, used 35270K [0x0000000080000000, 0x0000000100000000)
  region size 1024K, 6 young (6144K), 6 survivors (6144K)
 Metaspace       used 51342K, committed 52672K, reserved 1114112K
  class space    used 7098K, committed 7744K, reserved 1048576K
}
Event: 37.884 GC heap before
{Heap before GC invocations=13 (full 0):
 garbage-first heap   total 78848K, used 69062K [0x0000000080000000, 0x0000000100000000)
  region size 1024K, 39 young (39936K), 6 survivors (6144K)
 Metaspace       used 54164K, committed 55552K, reserved 1114112K
  class space    used 7595K, committed 8256K, reserved 1048576K
}
Event: 37.896 GC heap after
{Heap after GC invocations=14 (full 0):
 garbage-first heap   total 78848K, used 38074K [0x0000000080000000, 0x0000000100000000)
  region size 1024K, 3 young (3072K), 3 survivors (3072K)
 Metaspace       used 54164K, committed 55552K, reserved 1114112K
  class space    used 7595K, committed 8256K, reserved 1048576K
}
Event: 38.836 GC heap before
{Heap before GC invocations=14 (full 0):
 garbage-first heap   total 78848K, used 69818K [0x0000000080000000, 0x0000000100000000)
  region size 1024K, 34 young (34816K), 3 survivors (3072K)
 Metaspace       used 55132K, committed 56448K, reserved 1114112K
  class space    used 7713K, committed 8320K, reserved 1048576K
}
Event: 38.846 GC heap after
{Heap after GC invocations=15 (full 0):
 garbage-first heap   total 78848K, used 39104K [0x0000000080000000, 0x0000000100000000)
  region size 1024K, 4 young (4096K), 4 survivors (4096K)
 Metaspace       used 55132K, committed 56448K, reserved 1114112K
  class space    used 7713K, committed 8320K, reserved 1048576K
}
Event: 41.013 GC heap before
{Heap before GC invocations=16 (full 0):
 garbage-first heap   total 78848K, used 70848K [0x0000000080000000, 0x0000000100000000)
  region size 1024K, 35 young (35840K), 4 survivors (4096K)
 Metaspace       used 58900K, committed 60352K, reserved 1114112K
  class space    used 8205K, committed 8896K, reserved 1048576K
}
Event: 41.021 GC heap after
{Heap after GC invocations=17 (full 0):
 garbage-first heap   total 78848K, used 42657K [0x0000000080000000, 0x0000000100000000)
  region size 1024K, 5 young (5120K), 5 survivors (5120K)
 Metaspace       used 58900K, committed 60352K, reserved 1114112K
  class space    used 8205K, committed 8896K, reserved 1048576K
}
Event: 42.455 GC heap before
{Heap before GC invocations=17 (full 0):
 garbage-first heap   total 78848K, used 70305K [0x0000000080000000, 0x0000000100000000)
  region size 1024K, 32 young (32768K), 5 survivors (5120K)
 Metaspace       used 61949K, committed 63552K, reserved 1114112K
  class space    used 8717K, committed 9472K, reserved 1048576K
}
Event: 42.464 GC heap after
{Heap after GC invocations=18 (full 0):
 garbage-first heap   total 78848K, used 43905K [0x0000000080000000, 0x0000000100000000)
  region size 1024K, 2 young (2048K), 2 survivors (2048K)
 Metaspace       used 61949K, committed 63552K, reserved 1114112K
  class space    used 8717K, committed 9472K, reserved 1048576K
}
Event: 43.999 GC heap before
{Heap before GC invocations=18 (full 0):
 garbage-first heap   total 78848K, used 69505K [0x0000000080000000, 0x0000000100000000)
  region size 1024K, 28 young (28672K), 2 survivors (2048K)
 Metaspace       used 63199K, committed 64704K, reserved 1114112K
  class space    used 8921K, committed 9664K, reserved 1048576K
}
Event: 44.010 GC heap after
{Heap after GC invocations=19 (full 0):
 garbage-first heap   total 79872K, used 50999K [0x0000000080000000, 0x0000000100000000)
  region size 1024K, 4 young (4096K), 4 survivors (4096K)
 Metaspace       used 63199K, committed 64704K, reserved 1114112K
  class space    used 8921K, committed 9664K, reserved 1048576K
}
Event: 44.388 GC heap before
{Heap before GC invocations=20 (full 0):
 garbage-first heap   total 86016K, used 68407K [0x0000000080000000, 0x0000000100000000)
  region size 1024K, 22 young (22528K), 4 survivors (4096K)
 Metaspace       used 63219K, committed 64704K, reserved 1114112K
  class space    used 8927K, committed 9664K, reserved 1048576K
}
Event: 44.404 GC heap after
{Heap after GC invocations=21 (full 0):
 garbage-first heap   total 86016K, used 56861K [0x0000000080000000, 0x0000000100000000)
  region size 1024K, 3 young (3072K), 3 survivors (3072K)
 Metaspace       used 63219K, committed 64704K, reserved 1114112K
  class space    used 8927K, committed 9664K, reserved 1048576K
}
Event: 44.580 GC heap before
{Heap before GC invocations=21 (full 0):
 garbage-first heap   total 86016K, used 73245K [0x0000000080000000, 0x0000000100000000)
  region size 1024K, 20 young (20480K), 3 survivors (3072K)
 Metaspace       used 63279K, committed 64768K, reserved 1114112K
  class space    used 8927K, committed 9664K, reserved 1048576K
}
Event: 44.604 GC heap after
{Heap after GC invocations=22 (full 0):
 garbage-first heap   total 86016K, used 62080K [0x0000000080000000, 0x0000000100000000)
  region size 1024K, 3 young (3072K), 3 survivors (3072K)
 Metaspace       used 63279K, committed 64768K, reserved 1114112K
  class space    used 8927K, committed 9664K, reserved 1048576K
}
Event: 44.999 GC heap before
{Heap before GC invocations=22 (full 0):
 garbage-first heap   total 86016K, used 74368K [0x0000000080000000, 0x0000000100000000)
  region size 1024K, 16 young (16384K), 3 survivors (3072K)
 Metaspace       used 63351K, committed 64896K, reserved 1114112K
  class space    used 8929K, committed 9664K, reserved 1048576K
}
Event: 45.009 GC heap after
{Heap after GC invocations=23 (full 0):
 garbage-first heap   total 86016K, used 65273K [0x0000000080000000, 0x0000000100000000)
  region size 1024K, 2 young (2048K), 2 survivors (2048K)
 Metaspace       used 63351K, committed 64896K, reserved 1114112K
  class space    used 8929K, committed 9664K, reserved 1048576K
}
Event: 46.971 GC heap before
{Heap before GC invocations=24 (full 0):
 garbage-first heap   total 109568K, used 78585K [0x0000000080000000, 0x0000000100000000)
  region size 1024K, 13 young (13312K), 2 survivors (2048K)
 Metaspace       used 63949K, committed 65472K, reserved 1114112K
  class space    used 9007K, committed 9728K, reserved 1048576K
}

